2023-02-25 22:43:21,007 [Worker-3: Loading available Gradle versions] INFO  o.e.b.c.i.u.g.PublishedGradleVersions - Gradle version information cache is out-of-date. Trying to update.
2023-02-25 22:43:26,660 [Worker-7: Building] INFO  o.e.m.c.i.l.LifecycleMappingFactory - Using org.eclipse.m2e.jdt.JarLifecycleMapping lifecycle mapping for MavenProject: com.example:Boot-DataJPA-Proj01-CurdRepository:0.0.1-SNAPSHOT @ /home/vvkvrk/Desktop/Workspace/DataJPA/Boot-DataJPA-Proj01-CurdRepository/pom.xml.
2023-02-25 22:43:27,607 [Worker-7: Building] INFO  o.a.m.s.f.DefaultMavenResourcesFiltering - Copying 1 resource
2023-02-25 22:43:27,641 [Worker-7: Building] INFO  o.a.m.s.f.DefaultMavenResourcesFiltering - Copying 0 resource
2023-02-25 22:43:27,646 [Worker-7: Building] INFO  o.a.m.s.f.DefaultMavenResourcesFiltering - skip non existing resourceDirectory /home/vvkvrk/Desktop/Workspace/DataJPA/Boot-DataJPA-Proj01-CurdRepository/src/test/resources
2023-02-25 22:43:28,036 [Worker-7: Building] INFO  o.e.m.c.i.l.LifecycleMappingFactory - Using org.eclipse.m2e.jdt.JarLifecycleMapping lifecycle mapping for MavenProject: com.example:Boot-DataJPA-Proj2-PagingAndSortingRepository:0.0.1-SNAPSHOT @ /home/vvkvrk/Desktop/Workspace/DataJPA/Boot-DataJPA-Proj2-PagingAndSortingRepository/pom.xml.
2023-02-25 22:43:28,578 [Worker-7: Building] INFO  o.a.m.s.f.DefaultMavenResourcesFiltering - Copying 1 resource
2023-02-25 22:43:28,610 [Worker-7: Building] INFO  o.a.m.s.f.DefaultMavenResourcesFiltering - Copying 0 resource
2023-02-25 22:43:28,615 [Worker-7: Building] INFO  o.a.m.s.f.DefaultMavenResourcesFiltering - skip non existing resourceDirectory /home/vvkvrk/Desktop/Workspace/DataJPA/Boot-DataJPA-Proj2-PagingAndSortingRepository/src/test/resources
2023-02-25 22:43:28,661 [Worker-2: Updating Maven Project] INFO  o.e.m.c.i.p.ProjectConfigurationManager - Update started
2023-02-25 22:43:28,922 [Worker-2: Updating Maven Project] INFO  o.e.m.c.i.l.LifecycleMappingFactory - Using org.eclipse.m2e.jdt.JarLifecycleMapping lifecycle mapping for MavenProject: com.example:Boot-DataJPA-Proj01-CurdRepository:0.0.1-SNAPSHOT @ /home/vvkvrk/Desktop/Workspace/DataJPA/Boot-DataJPA-Proj01-CurdRepository/pom.xml.
2023-02-25 22:43:29,231 [Worker-2: Updating Maven Project] INFO  o.e.m.j.i.AbstractJavaProjectConfigurator - Adding source folder /Boot-DataJPA-Proj01-CurdRepository/src/main/java
2023-02-25 22:43:29,232 [Worker-2: Updating Maven Project] INFO  o.e.m.j.i.AbstractJavaProjectConfigurator - Adding resource folder /Boot-DataJPA-Proj01-CurdRepository/src/main/resources
2023-02-25 22:43:29,232 [Worker-2: Updating Maven Project] INFO  o.e.m.j.i.AbstractJavaProjectConfigurator - Adding resource folder /Boot-DataJPA-Proj01-CurdRepository/src/main/resources
2023-02-25 22:43:29,232 [Worker-2: Updating Maven Project] INFO  o.e.m.j.i.AbstractJavaProjectConfigurator - Adding source folder /Boot-DataJPA-Proj01-CurdRepository/src/test/java
2023-02-25 22:43:31,436 [Worker-10: Updating Maven Dependencies] INFO  o.e.m.c.i.l.LifecycleMappingFactory - Using org.eclipse.m2e.jdt.JarLifecycleMapping lifecycle mapping for MavenProject: com.example:Boot-DataJPA-Proj2-PagingAndSortingRepository:0.0.1-SNAPSHOT @ /home/vvkvrk/Desktop/Workspace/DataJPA/Boot-DataJPA-Proj2-PagingAndSortingRepository/pom.xml.
2023-02-25 22:43:31,602 [Worker-10: Updating Maven Dependencies] INFO  o.e.m.c.i.l.LifecycleMappingFactory - Using org.eclipse.m2e.jdt.JarLifecycleMapping lifecycle mapping for MavenProject: com.example:Boot-DataJPA-Proj2-PagingAndSortingRepository:0.0.1-SNAPSHOT @ /home/vvkvrk/Desktop/Workspace/DataJPA/Boot-DataJPA-Proj6-JpaRepository/pom.xml.
2023-02-25 22:43:31,643 [Worker-10: Updating Maven Dependencies] INFO  o.e.m.c.i.l.LifecycleMappingFactory - Using org.eclipse.m2e.jdt.JarLifecycleMapping lifecycle mapping for MavenProject: com.example:Boot-DataJPA-Proj01-CurdRepository:0.0.1-SNAPSHOT @ /home/vvkvrk/Desktop/Workspace/DataJPA/Boot-DataJPA-Proj01-CurdRepository/pom.xml.
2023-02-25 22:43:31,691 [Worker-10: Updating Maven Dependencies] INFO  o.e.m.c.i.l.LifecycleMappingFactory - Using org.eclipse.m2e.jdt.JarLifecycleMapping lifecycle mapping for MavenProject: com.example:Boot-DataJPA-Pro4-FinderMethods:0.0.1-SNAPSHOT @ /home/vvkvrk/Desktop/Workspace/DataJPA/Boot-DataJPA-Proj5-Projections-FinderMethods/pom.xml.
2023-02-25 22:43:31,736 [Worker-10: Updating Maven Dependencies] INFO  o.e.m.c.i.l.LifecycleMappingFactory - Using org.eclipse.m2e.jdt.JarLifecycleMapping lifecycle mapping for MavenProject: com.example:Boot-DataJPA-Proj2-PagingAndSortingRepository:0.0.1-SNAPSHOT @ /home/vvkvrk/Desktop/Workspace/DataJPA/Boot-DataJPA-Proj3-JpaRepository/pom.xml.
2023-02-25 22:43:31,774 [Worker-10: Updating Maven Dependencies] INFO  o.e.m.c.i.l.LifecycleMappingFactory - Using org.eclipse.m2e.jdt.JarLifecycleMapping lifecycle mapping for MavenProject: com.example:Boot-DataJPA-Pro4-FinderMethods:0.0.1-SNAPSHOT @ /home/vvkvrk/Desktop/Workspace/DataJPA/Boot-DataJPA-Proj4-FinderMethods/pom.xml.
2023-02-25 22:43:31,807 [Worker-10: Updating Maven Dependencies] INFO  o.e.m.c.i.l.LifecycleMappingFactory - Using org.eclipse.m2e.jdt.JarLifecycleMapping lifecycle mapping for MavenProject: com.example:Boot-proj14-Runners:0.0.1-SNAPSHOT @ /home/vvkvrk/Desktop/Workspace/DataJPA/Boot-proj14-Runners/pom.xml.
2023-02-25 22:58:08,345 [Worker-10: Updating Maven Dependencies] INFO  o.e.m.c.i.p.r.ProjectRegistryRefreshJob - org.eclipse.m2e.core.internal.project.registry.ProjectRegistryRefreshJob was canceled
2023-02-25 23:05:46,065 [Worker-2: Loading available Gradle versions] INFO  o.e.b.c.i.u.g.PublishedGradleVersions - Gradle version information cache is up-to-date. Trying to read.
2023-02-25 23:06:01,904 [Worker-0: Building] INFO  o.e.m.c.i.l.LifecycleMappingFactory - Using org.eclipse.m2e.jdt.JarLifecycleMapping lifecycle mapping for MavenProject: com.example:Boot-DataJPA-Proj01-CurdRepository:0.0.1-SNAPSHOT @ /home/vvkvrk/Desktop/Workspace/DataJPA/Boot-DataJPA-Proj01-CurdRepository/pom.xml.
2023-02-25 23:06:03,346 [Worker-0: Building] INFO  o.a.m.s.f.DefaultMavenResourcesFiltering - Copying 1 resource
2023-02-25 23:06:03,452 [Worker-0: Building] INFO  o.a.m.s.f.DefaultMavenResourcesFiltering - skip non existing resourceDirectory /home/vvkvrk/Desktop/Workspace/DataJPA/Boot-DataJPA-Proj01-CurdRepository/src/test/resources
2023-02-25 23:06:03,730 [Worker-10: Updating Maven Project] INFO  o.e.m.c.i.p.ProjectConfigurationManager - Update started
2023-02-25 23:06:04,089 [Worker-10: Updating Maven Project] INFO  o.e.m.c.i.l.LifecycleMappingFactory - Using org.eclipse.m2e.jdt.JarLifecycleMapping lifecycle mapping for MavenProject: com.example:Boot-DataJPA-Proj01-CurdRepository:0.0.1-SNAPSHOT @ /home/vvkvrk/Desktop/Workspace/DataJPA/Boot-DataJPA-Proj01-CurdRepository/pom.xml.
2023-02-25 23:06:04,396 [Worker-10: Updating Maven Project] INFO  o.e.m.j.i.AbstractJavaProjectConfigurator - Adding source folder /Boot-DataJPA-Proj01-CurdRepository/src/main/java
2023-02-25 23:06:04,396 [Worker-10: Updating Maven Project] INFO  o.e.m.j.i.AbstractJavaProjectConfigurator - Adding resource folder /Boot-DataJPA-Proj01-CurdRepository/src/main/resources
2023-02-25 23:06:04,397 [Worker-10: Updating Maven Project] INFO  o.e.m.j.i.AbstractJavaProjectConfigurator - Adding resource folder /Boot-DataJPA-Proj01-CurdRepository/src/main/resources
2023-02-25 23:06:04,397 [Worker-10: Updating Maven Project] INFO  o.e.m.j.i.AbstractJavaProjectConfigurator - Adding source folder /Boot-DataJPA-Proj01-CurdRepository/src/test/java
2023-02-25 23:06:05,849 [Worker-10: Updating Maven Project] INFO  o.e.m.c.i.p.ProjectConfigurationManager - Update completed for 1 poms: local refresh takes 0.00 sec, refresh facades takes 0.00 sec, update config takes 1.00 sec 
2023-02-25 23:06:05,953 [Worker-3: Updating Maven Dependencies] INFO  o.e.m.c.i.l.LifecycleMappingFactory - Using org.eclipse.m2e.jdt.JarLifecycleMapping lifecycle mapping for MavenProject: com.example:Boot-DataJPA-Proj2-PagingAndSortingRepository:0.0.1-SNAPSHOT @ /home/vvkvrk/Desktop/Workspace/DataJPA/Boot-DataJPA-Proj2-PagingAndSortingRepository/pom.xml.
2023-02-25 23:06:06,112 [Worker-3: Updating Maven Dependencies] INFO  o.e.m.c.i.l.LifecycleMappingFactory - Using org.eclipse.m2e.jdt.JarLifecycleMapping lifecycle mapping for MavenProject: com.example:Boot-DataJPA-Proj2-PagingAndSortingRepository:0.0.1-SNAPSHOT @ /home/vvkvrk/Desktop/Workspace/DataJPA/Boot-DataJPA-Proj6-JpaRepository/pom.xml.
2023-02-25 23:06:06,153 [Worker-3: Updating Maven Dependencies] INFO  o.e.m.c.i.l.LifecycleMappingFactory - Using org.eclipse.m2e.jdt.JarLifecycleMapping lifecycle mapping for MavenProject: com.example:Boot-DataJPA-Proj01-CurdRepository:0.0.1-SNAPSHOT @ /home/vvkvrk/Desktop/Workspace/DataJPA/Boot-DataJPA-Proj01-CurdRepository/pom.xml.
2023-02-25 23:06:06,192 [Worker-3: Updating Maven Dependencies] INFO  o.e.m.c.i.l.LifecycleMappingFactory - Using org.eclipse.m2e.jdt.JarLifecycleMapping lifecycle mapping for MavenProject: com.example:Boot-DataJPA-Pro4-FinderMethods:0.0.1-SNAPSHOT @ /home/vvkvrk/Desktop/Workspace/DataJPA/Boot-DataJPA-Proj5-Projections-FinderMethods/pom.xml.
2023-02-25 23:06:06,247 [Worker-3: Updating Maven Dependencies] INFO  o.e.m.c.i.l.LifecycleMappingFactory - Using org.eclipse.m2e.jdt.JarLifecycleMapping lifecycle mapping for MavenProject: com.example:Boot-DataJPA-Proj2-PagingAndSortingRepository:0.0.1-SNAPSHOT @ /home/vvkvrk/Desktop/Workspace/DataJPA/Boot-DataJPA-Proj3-JpaRepository/pom.xml.
2023-02-25 23:06:06,298 [Worker-3: Updating Maven Dependencies] INFO  o.e.m.c.i.l.LifecycleMappingFactory - Using org.eclipse.m2e.jdt.JarLifecycleMapping lifecycle mapping for MavenProject: com.example:Boot-DataJPA-Pro4-FinderMethods:0.0.1-SNAPSHOT @ /home/vvkvrk/Desktop/Workspace/DataJPA/Boot-DataJPA-Proj4-FinderMethods/pom.xml.
2023-02-25 23:06:06,400 [Worker-3: Updating Maven Dependencies] INFO  o.e.m.c.i.l.LifecycleMappingFactory - Using org.eclipse.m2e.jdt.JarLifecycleMapping lifecycle mapping for MavenProject: com.example:Boot-proj14-Runners:0.0.1-SNAPSHOT @ /home/vvkvrk/Desktop/Workspace/DataJPA/Boot-proj14-Runners/pom.xml.
2023-02-25 23:06:06,516 [Worker-15: Building] INFO  o.a.m.s.f.DefaultMavenResourcesFiltering - Copying 1 resource
2023-02-25 23:06:06,819 [Worker-15: Building] INFO  o.a.m.s.f.DefaultMavenResourcesFiltering - Copying 0 resource
2023-02-25 23:06:06,822 [Worker-15: Building] INFO  o.a.m.s.f.DefaultMavenResourcesFiltering - skip non existing resourceDirectory /home/vvkvrk/Desktop/Workspace/DataJPA/Boot-DataJPA-Proj01-CurdRepository/src/test/resources
2023-02-25 23:06:07,337 [Worker-25: Updating Maven Project] INFO  o.e.m.c.i.p.ProjectConfigurationManager - Update started
2023-02-25 23:06:07,974 [Worker-25: Updating Maven Project] INFO  o.e.m.c.i.l.LifecycleMappingFactory - Using org.eclipse.m2e.jdt.JarLifecycleMapping lifecycle mapping for MavenProject: com.example:Boot-DataJPA-Proj2-PagingAndSortingRepository:0.0.1-SNAPSHOT @ /home/vvkvrk/Desktop/Workspace/DataJPA/Boot-DataJPA-Proj2-PagingAndSortingRepository/pom.xml.
2023-02-25 23:06:08,113 [Worker-25: Updating Maven Project] INFO  o.e.m.j.i.AbstractJavaProjectConfigurator - Adding source folder /Boot-DataJPA-Proj2-PagingAndSortingRepository/src/main/java
2023-02-25 23:06:08,113 [Worker-25: Updating Maven Project] INFO  o.e.m.j.i.AbstractJavaProjectConfigurator - Adding resource folder /Boot-DataJPA-Proj2-PagingAndSortingRepository/src/main/resources
2023-02-25 23:06:08,114 [Worker-25: Updating Maven Project] INFO  o.e.m.j.i.AbstractJavaProjectConfigurator - Adding resource folder /Boot-DataJPA-Proj2-PagingAndSortingRepository/src/main/resources
2023-02-25 23:06:08,114 [Worker-25: Updating Maven Project] INFO  o.e.m.j.i.AbstractJavaProjectConfigurator - Adding source folder /Boot-DataJPA-Proj2-PagingAndSortingRepository/src/test/java
2023-02-26 09:08:10,557 [Worker-2: Loading available Gradle versions] INFO  o.e.b.c.i.u.g.PublishedGradleVersions - Gradle version information cache is up-to-date. Trying to read.
2023-02-26 09:08:15,434 [Worker-11: Building] INFO  o.e.m.c.i.l.LifecycleMappingFactory - Using org.eclipse.m2e.jdt.JarLifecycleMapping lifecycle mapping for MavenProject: com.example:Boot-DataJPA-Proj01-CurdRepository:0.0.1-SNAPSHOT @ /home/vvkvrk/Desktop/Workspace/DataJPA/Boot-DataJPA-Proj01-CurdRepository/pom.xml.
2023-02-26 09:08:16,083 [Worker-11: Building] INFO  o.a.m.s.f.DefaultMavenResourcesFiltering - Copying 1 resource
2023-02-26 09:08:16,157 [Worker-11: Building] INFO  o.a.m.s.f.DefaultMavenResourcesFiltering - Copying 0 resource
2023-02-26 09:08:16,162 [Worker-11: Building] INFO  o.a.m.s.f.DefaultMavenResourcesFiltering - skip non existing resourceDirectory /home/vvkvrk/Desktop/Workspace/DataJPA/Boot-DataJPA-Proj01-CurdRepository/src/test/resources
2023-02-26 09:08:17,051 [Worker-11: Building] INFO  o.e.m.c.i.l.LifecycleMappingFactory - Using org.eclipse.m2e.jdt.JarLifecycleMapping lifecycle mapping for MavenProject: com.example:Boot-DataJPA-Proj2-PagingAndSortingRepository:0.0.1-SNAPSHOT @ /home/vvkvrk/Desktop/Workspace/DataJPA/Boot-DataJPA-Proj2-PagingAndSortingRepository/pom.xml.
2023-02-26 09:08:17,484 [Worker-11: Building] INFO  o.a.m.s.f.DefaultMavenResourcesFiltering - Copying 1 resource
2023-02-26 09:08:17,561 [Worker-11: Building] INFO  o.a.m.s.f.DefaultMavenResourcesFiltering - Copying 0 resource
2023-02-26 09:08:17,565 [Worker-11: Building] INFO  o.a.m.s.f.DefaultMavenResourcesFiltering - skip non existing resourceDirectory /home/vvkvrk/Desktop/Workspace/DataJPA/Boot-DataJPA-Proj2-PagingAndSortingRepository/src/test/resources
2023-02-26 09:08:17,584 [Worker-2: Updating Maven Project] INFO  o.e.m.c.i.p.ProjectConfigurationManager - Update started
2023-02-26 09:08:18,242 [Worker-2: Updating Maven Project] INFO  o.e.m.c.i.l.LifecycleMappingFactory - Using org.eclipse.m2e.jdt.JarLifecycleMapping lifecycle mapping for MavenProject: com.example:Boot-DataJPA-Proj2-PagingAndSortingRepository:0.0.1-SNAPSHOT @ /home/vvkvrk/Desktop/Workspace/DataJPA/Boot-DataJPA-Proj2-PagingAndSortingRepository/pom.xml.
2023-02-26 09:08:18,576 [Worker-2: Updating Maven Project] INFO  o.e.m.j.i.AbstractJavaProjectConfigurator - Adding source folder /Boot-DataJPA-Proj2-PagingAndSortingRepository/src/main/java
2023-02-26 09:08:18,576 [Worker-2: Updating Maven Project] INFO  o.e.m.j.i.AbstractJavaProjectConfigurator - Adding resource folder /Boot-DataJPA-Proj2-PagingAndSortingRepository/src/main/resources
2023-02-26 09:08:18,576 [Worker-2: Updating Maven Project] INFO  o.e.m.j.i.AbstractJavaProjectConfigurator - Adding resource folder /Boot-DataJPA-Proj2-PagingAndSortingRepository/src/main/resources
2023-02-26 09:08:18,577 [Worker-2: Updating Maven Project] INFO  o.e.m.j.i.AbstractJavaProjectConfigurator - Adding source folder /Boot-DataJPA-Proj2-PagingAndSortingRepository/src/test/java
2023-02-26 09:08:19,382 [Worker-10: Updating Maven Dependencies] INFO  o.e.m.c.i.l.LifecycleMappingFactory - Using org.eclipse.m2e.jdt.JarLifecycleMapping lifecycle mapping for MavenProject: com.example:Boot-DataJPA-Proj2-PagingAndSortingRepository:0.0.1-SNAPSHOT @ /home/vvkvrk/Desktop/Workspace/DataJPA/Boot-DataJPA-Proj2-PagingAndSortingRepository/pom.xml.
2023-02-26 09:08:19,517 [Worker-10: Updating Maven Dependencies] INFO  o.e.m.c.i.l.LifecycleMappingFactory - Using org.eclipse.m2e.jdt.JarLifecycleMapping lifecycle mapping for MavenProject: com.example:Boot-DataJPA-Proj2-PagingAndSortingRepository:0.0.1-SNAPSHOT @ /home/vvkvrk/Desktop/Workspace/DataJPA/Boot-DataJPA-Proj6-JpaRepository/pom.xml.
2023-02-26 09:08:19,550 [Worker-10: Updating Maven Dependencies] INFO  o.e.m.c.i.l.LifecycleMappingFactory - Using org.eclipse.m2e.jdt.JarLifecycleMapping lifecycle mapping for MavenProject: com.example:Boot-DataJPA-Proj01-CurdRepository:0.0.1-SNAPSHOT @ /home/vvkvrk/Desktop/Workspace/DataJPA/Boot-DataJPA-Proj01-CurdRepository/pom.xml.
2023-02-26 09:08:19,675 [Worker-10: Updating Maven Dependencies] INFO  o.e.m.c.i.l.LifecycleMappingFactory - Using org.eclipse.m2e.jdt.JarLifecycleMapping lifecycle mapping for MavenProject: com.example:Boot-DataJPA-Pro4-FinderMethods:0.0.1-SNAPSHOT @ /home/vvkvrk/Desktop/Workspace/DataJPA/Boot-DataJPA-Proj5-Projections-FinderMethods/pom.xml.
2023-02-26 09:08:19,715 [Worker-10: Updating Maven Dependencies] INFO  o.e.m.c.i.l.LifecycleMappingFactory - Using org.eclipse.m2e.jdt.JarLifecycleMapping lifecycle mapping for MavenProject: com.example:Boot-DataJPA-Proj2-PagingAndSortingRepository:0.0.1-SNAPSHOT @ /home/vvkvrk/Desktop/Workspace/DataJPA/Boot-DataJPA-Proj3-JpaRepository/pom.xml.
2023-02-26 09:08:19,757 [Worker-10: Updating Maven Dependencies] INFO  o.e.m.c.i.l.LifecycleMappingFactory - Using org.eclipse.m2e.jdt.JarLifecycleMapping lifecycle mapping for MavenProject: com.example:Boot-DataJPA-Pro4-FinderMethods:0.0.1-SNAPSHOT @ /home/vvkvrk/Desktop/Workspace/DataJPA/Boot-DataJPA-Proj4-FinderMethods/pom.xml.
2023-02-26 09:08:19,793 [Worker-10: Updating Maven Dependencies] INFO  o.e.m.c.i.l.LifecycleMappingFactory - Using org.eclipse.m2e.jdt.JarLifecycleMapping lifecycle mapping for MavenProject: com.example:Boot-proj14-Runners:0.0.1-SNAPSHOT @ /home/vvkvrk/Desktop/Workspace/DataJPA/Boot-proj14-Runners/pom.xml.
